2018-07-17 15:46:04,275 [][-] [main] ERROR o.s.boot.SpringApplication - Application run failed 
java.lang.IllegalStateException: java.lang.IllegalStateException: Logback configuration error detected: 
ERROR in ch.qos.logback.core.joran.action.NestedComplexPropertyIA - Could not create component [encoder] of type [net.logstash.logback.encoder.LoggingEventCompositeJsonEncoder] java.lang.ClassNotFoundException: net.logstash.logback.encoder.LoggingEventCompositeJsonEncoder
ERROR in ch.qos.logback.core.joran.spi.Interpreter@18:24 - no applicable action for [providers], current ElementPath  is [[configuration][appender][encoder][providers]]
ERROR in ch.qos.logback.core.joran.spi.Interpreter@19:26 - no applicable action for [pattern], current ElementPath  is [[configuration][appender][encoder][providers][pattern]]
ERROR in ch.qos.logback.core.joran.spi.Interpreter@20:30 - no applicable action for [pattern], current ElementPath  is [[configuration][appender][encoder][providers][pattern][pattern]]
ERROR in ch.qos.logback.core.rolling.RollingFileAppender[metricsAppender] - No encoder set for the appender named "metricsAppender".
ERROR in ch.qos.logback.core.joran.action.NestedComplexPropertyIA - Could not create component [encoder] of type [net.logstash.logback.encoder.LoggingEventCompositeJsonEncoder] java.lang.ClassNotFoundException: net.logstash.logback.encoder.LoggingEventCompositeJsonEncoder
ERROR in ch.qos.logback.core.joran.spi.Interpreter@44:24 - no applicable action for [providers], current ElementPath  is [[configuration][appender][encoder][providers]]
ERROR in ch.qos.logback.core.joran.spi.Interpreter@45:26 - no applicable action for [pattern], current ElementPath  is [[configuration][appender][encoder][providers][pattern]]
ERROR in ch.qos.logback.core.joran.spi.Interpreter@46:30 - no applicable action for [pattern], current ElementPath  is [[configuration][appender][encoder][providers][pattern][pattern]]
ERROR in ch.qos.logback.core.rolling.RollingFileAppender[traceAppender] - No encoder set for the appender named "traceAppender".
ERROR in ch.qos.logback.core.joran.action.NestedComplexPropertyIA - Could not create component [encoder] of type [net.logstash.logback.encoder.LoggingEventCompositeJsonEncoder] java.lang.ClassNotFoundException: net.logstash.logback.encoder.LoggingEventCompositeJsonEncoder
ERROR in ch.qos.logback.core.joran.spi.Interpreter@18:24 - no applicable action for [providers], current ElementPath  is [[configuration][appender][encoder][providers]]
ERROR in ch.qos.logback.core.joran.spi.Interpreter@19:26 - no applicable action for [pattern], current ElementPath  is [[configuration][appender][encoder][providers][pattern]]
ERROR in ch.qos.logback.core.joran.spi.Interpreter@20:30 - no applicable action for [pattern], current ElementPath  is [[configuration][appender][encoder][providers][pattern][pattern]]
ERROR in ch.qos.logback.core.rolling.RollingFileAppender[metricsAppender] - No encoder set for the appender named "metricsAppender".
ERROR in ch.qos.logback.core.joran.action.NestedComplexPropertyIA - Could not create component [encoder] of type [net.logstash.logback.encoder.LoggingEventCompositeJsonEncoder] java.lang.ClassNotFoundException: net.logstash.logback.encoder.LoggingEventCompositeJsonEncoder
ERROR in ch.qos.logback.core.joran.spi.Interpreter@44:24 - no applicable action for [providers], current ElementPath  is [[configuration][appender][encoder][providers]]
ERROR in ch.qos.logback.core.joran.spi.Interpreter@45:26 - no applicable action for [pattern], current ElementPath  is [[configuration][appender][encoder][providers][pattern]]
ERROR in ch.qos.logback.core.joran.spi.Interpreter@46:30 - no applicable action for [pattern], current ElementPath  is [[configuration][appender][encoder][providers][pattern][pattern]]
ERROR in ch.qos.logback.core.rolling.RollingFileAppender[traceAppender] - No encoder set for the appender named "traceAppender".
	at org.springframework.boot.context.logging.LoggingApplicationListener.initializeSystem(LoggingApplicationListener.java:276)
	at org.springframework.boot.context.logging.LoggingApplicationListener.initialize(LoggingApplicationListener.java:237)
	at org.springframework.boot.context.logging.LoggingApplicationListener.onApplicationEnvironmentPreparedEvent(LoggingApplicationListener.java:200)
	at org.springframework.boot.context.logging.LoggingApplicationListener.onApplicationEvent(LoggingApplicationListener.java:173)
	at org.springframework.context.event.SimpleApplicationEventMulticaster.doInvokeListener(SimpleApplicationEventMulticaster.java:172)
	at org.springframework.context.event.SimpleApplicationEventMulticaster.invokeListener(SimpleApplicationEventMulticaster.java:165)
	at org.springframework.context.event.SimpleApplicationEventMulticaster.multicastEvent(SimpleApplicationEventMulticaster.java:139)
	at org.springframework.context.event.SimpleApplicationEventMulticaster.multicastEvent(SimpleApplicationEventMulticaster.java:127)
	at org.springframework.boot.context.event.EventPublishingRunListener.environmentPrepared(EventPublishingRunListener.java:74)
	at org.springframework.boot.SpringApplicationRunListeners.environmentPrepared(SpringApplicationRunListeners.java:54)
	at org.springframework.boot.SpringApplication.prepareEnvironment(SpringApplication.java:358)
	at org.springframework.boot.SpringApplication.run(SpringApplication.java:317)
	at org.springframework.boot.SpringApplication.run(SpringApplication.java:1255)
	at org.springframework.boot.SpringApplication.run(SpringApplication.java:1243)
	at com.mcqueen.userprofile.UserProfileApplication.main(UserProfileApplication.java:9)
Caused by: java.lang.IllegalStateException: Logback configuration error detected: 
ERROR in ch.qos.logback.core.joran.action.NestedComplexPropertyIA - Could not create component [encoder] of type [net.logstash.logback.encoder.LoggingEventCompositeJsonEncoder] java.lang.ClassNotFoundException: net.logstash.logback.encoder.LoggingEventCompositeJsonEncoder
ERROR in ch.qos.logback.core.joran.spi.Interpreter@18:24 - no applicable action for [providers], current ElementPath  is [[configuration][appender][encoder][providers]]
ERROR in ch.qos.logback.core.joran.spi.Interpreter@19:26 - no applicable action for [pattern], current ElementPath  is [[configuration][appender][encoder][providers][pattern]]
ERROR in ch.qos.logback.core.joran.spi.Interpreter@20:30 - no applicable action for [pattern], current ElementPath  is [[configuration][appender][encoder][providers][pattern][pattern]]
ERROR in ch.qos.logback.core.rolling.RollingFileAppender[metricsAppender] - No encoder set for the appender named "metricsAppender".
ERROR in ch.qos.logback.core.joran.action.NestedComplexPropertyIA - Could not create component [encoder] of type [net.logstash.logback.encoder.LoggingEventCompositeJsonEncoder] java.lang.ClassNotFoundException: net.logstash.logback.encoder.LoggingEventCompositeJsonEncoder
ERROR in ch.qos.logback.core.joran.spi.Interpreter@44:24 - no applicable action for [providers], current ElementPath  is [[configuration][appender][encoder][providers]]
ERROR in ch.qos.logback.core.joran.spi.Interpreter@45:26 - no applicable action for [pattern], current ElementPath  is [[configuration][appender][encoder][providers][pattern]]
ERROR in ch.qos.logback.core.joran.spi.Interpreter@46:30 - no applicable action for [pattern], current ElementPath  is [[configuration][appender][encoder][providers][pattern][pattern]]
ERROR in ch.qos.logback.core.rolling.RollingFileAppender[traceAppender] - No encoder set for the appender named "traceAppender".
ERROR in ch.qos.logback.core.joran.action.NestedComplexPropertyIA - Could not create component [encoder] of type [net.logstash.logback.encoder.LoggingEventCompositeJsonEncoder] java.lang.ClassNotFoundException: net.logstash.logback.encoder.LoggingEventCompositeJsonEncoder
ERROR in ch.qos.logback.core.joran.spi.Interpreter@18:24 - no applicable action for [providers], current ElementPath  is [[configuration][appender][encoder][providers]]
ERROR in ch.qos.logback.core.joran.spi.Interpreter@19:26 - no applicable action for [pattern], current ElementPath  is [[configuration][appender][encoder][providers][pattern]]
ERROR in ch.qos.logback.core.joran.spi.Interpreter@20:30 - no applicable action for [pattern], current ElementPath  is [[configuration][appender][encoder][providers][pattern][pattern]]
ERROR in ch.qos.logback.core.rolling.RollingFileAppender[metricsAppender] - No encoder set for the appender named "metricsAppender".
ERROR in ch.qos.logback.core.joran.action.NestedComplexPropertyIA - Could not create component [encoder] of type [net.logstash.logback.encoder.LoggingEventCompositeJsonEncoder] java.lang.ClassNotFoundException: net.logstash.logback.encoder.LoggingEventCompositeJsonEncoder
ERROR in ch.qos.logback.core.joran.spi.Interpreter@44:24 - no applicable action for [providers], current ElementPath  is [[configuration][appender][encoder][providers]]
ERROR in ch.qos.logback.core.joran.spi.Interpreter@45:26 - no applicable action for [pattern], current ElementPath  is [[configuration][appender][encoder][providers][pattern]]
ERROR in ch.qos.logback.core.joran.spi.Interpreter@46:30 - no applicable action for [pattern], current ElementPath  is [[configuration][appender][encoder][providers][pattern][pattern]]
ERROR in ch.qos.logback.core.rolling.RollingFileAppender[traceAppender] - No encoder set for the appender named "traceAppender".
	at org.springframework.boot.logging.logback.LogbackLoggingSystem.loadConfiguration(LogbackLoggingSystem.java:166)
	at org.springframework.boot.logging.AbstractLoggingSystem.initializeWithSpecificConfig(AbstractLoggingSystem.java:67)
	at org.springframework.boot.logging.AbstractLoggingSystem.initialize(AbstractLoggingSystem.java:57)
	at org.springframework.boot.logging.logback.LogbackLoggingSystem.initialize(LogbackLoggingSystem.java:114)
	at org.springframework.boot.context.logging.LoggingApplicationListener.initializeSystem(LoggingApplicationListener.java:269)
	... 14 common frames omitted
